 trytonp/compiler/gcc/13.2.0 load complete.
 trytonp/python3/3.11.7 load complete.

Loading trytonp/python3/3.11.7
  Loading requirement: trytonp/compiler/gcc/13.2.0
Requirement already satisfied: numpy in /users/kdm/juliuszl/.local/lib/python3.11/site-packages (from -r requirements.txt (line 1)) (2.2.2)
Requirement already satisfied: matplotlib in /users/kdm/juliuszl/.local/lib/python3.11/site-packages (from -r requirements.txt (line 2)) (3.10.0)
Requirement already satisfied: scikit-learn in /users/kdm/juliuszl/.local/lib/python3.11/site-packages (from -r requirements.txt (line 3)) (1.6.1)
Requirement already satisfied: torch in /users/kdm/juliuszl/.local/lib/python3.11/site-packages (from -r requirements.txt (line 4)) (2.6.0)
Requirement already satisfied: torchvision in /users/kdm/juliuszl/.local/lib/python3.11/site-packages (from -r requirements.txt (line 5)) (0.21.0)
Requirement already satisfied: contourpy>=1.0.1 in /users/kdm/juliuszl/.local/lib/python3.11/site-packages (from matplotlib->-r requirements.txt (line 2)) (1.3.1)
Requirement already satisfied: cycler>=0.10 in /apl/trytonp/python/3.11.7/lib/python3.11/site-packages (from matplotlib->-r requirements.txt (line 2)) (0.12.1)
Requirement already satisfied: fonttools>=4.22.0 in /users/kdm/juliuszl/.local/lib/python3.11/site-packages (from matplotlib->-r requirements.txt (line 2)) (4.55.3)
Requirement already satisfied: kiwisolver>=1.3.1 in /users/kdm/juliuszl/.local/lib/python3.11/site-packages (from matplotlib->-r requirements.txt (line 2)) (1.4.7)
Requirement already satisfied: packaging>=20.0 in /users/kdm/juliuszl/.local/lib/python3.11/site-packages (from matplotlib->-r requirements.txt (line 2)) (24.2)
Requirement already satisfied: pillow>=8 in /users/kdm/juliuszl/.local/lib/python3.11/site-packages (from matplotlib->-r requirements.txt (line 2)) (11.0.0)
Requirement already satisfied: pyparsing>=2.3.1 in /users/kdm/juliuszl/.local/lib/python3.11/site-packages (from matplotlib->-r requirements.txt (line 2)) (3.2.0)
Requirement already satisfied: python-dateutil>=2.7 in /apl/trytonp/python/3.11.7/lib/python3.11/site-packages (from matplotlib->-r requirements.txt (line 2)) (2.9.0.post0)
Requirement already satisfied: scipy>=1.6.0 in /users/kdm/juliuszl/.local/lib/python3.11/site-packages (from scikit-learn->-r requirements.txt (line 3)) (1.14.1)
Requirement already satisfied: joblib>=1.2.0 in /apl/trytonp/python/3.11.7/lib/python3.11/site-packages (from scikit-learn->-r requirements.txt (line 3)) (1.4.2)
Requirement already satisfied: threadpoolctl>=3.1.0 in /apl/trytonp/python/3.11.7/lib/python3.11/site-packages (from scikit-learn->-r requirements.txt (line 3)) (3.5.0)
Requirement already satisfied: filelock in /users/kdm/juliuszl/.local/lib/python3.11/site-packages (from torch->-r requirements.txt (line 4)) (3.16.1)
Requirement already satisfied: typing-extensions>=4.10.0 in /users/kdm/juliuszl/.local/lib/python3.11/site-packages (from torch->-r requirements.txt (line 4)) (4.12.2)
Requirement already satisfied: networkx in /users/kdm/juliuszl/.local/lib/python3.11/site-packages (from torch->-r requirements.txt (line 4)) (3.4.2)
Requirement already satisfied: jinja2 in /users/kdm/juliuszl/.local/lib/python3.11/site-packages (from torch->-r requirements.txt (line 4)) (3.1.5)
Requirement already satisfied: fsspec in /users/kdm/juliuszl/.local/lib/python3.11/site-packages (from torch->-r requirements.txt (line 4)) (2024.12.0)
Requirement already satisfied: nvidia-cuda-nvrtc-cu12==12.4.127 in /users/kdm/juliuszl/.local/lib/python3.11/site-packages (from torch->-r requirements.txt (line 4)) (12.4.127)
Requirement already satisfied: nvidia-cuda-runtime-cu12==12.4.127 in /users/kdm/juliuszl/.local/lib/python3.11/site-packages (from torch->-r requirements.txt (line 4)) (12.4.127)
Requirement already satisfied: nvidia-cuda-cupti-cu12==12.4.127 in /users/kdm/juliuszl/.local/lib/python3.11/site-packages (from torch->-r requirements.txt (line 4)) (12.4.127)
Requirement already satisfied: nvidia-cudnn-cu12==9.1.0.70 in /users/kdm/juliuszl/.local/lib/python3.11/site-packages (from torch->-r requirements.txt (line 4)) (9.1.0.70)
Requirement already satisfied: nvidia-cublas-cu12==12.4.5.8 in /users/kdm/juliuszl/.local/lib/python3.11/site-packages (from torch->-r requirements.txt (line 4)) (12.4.5.8)
Requirement already satisfied: nvidia-cufft-cu12==11.2.1.3 in /users/kdm/juliuszl/.local/lib/python3.11/site-packages (from torch->-r requirements.txt (line 4)) (11.2.1.3)
Requirement already satisfied: nvidia-curand-cu12==10.3.5.147 in /users/kdm/juliuszl/.local/lib/python3.11/site-packages (from torch->-r requirements.txt (line 4)) (10.3.5.147)
Requirement already satisfied: nvidia-cusolver-cu12==11.6.1.9 in /users/kdm/juliuszl/.local/lib/python3.11/site-packages (from torch->-r requirements.txt (line 4)) (11.6.1.9)
Requirement already satisfied: nvidia-cusparse-cu12==12.3.1.170 in /users/kdm/juliuszl/.local/lib/python3.11/site-packages (from torch->-r requirements.txt (line 4)) (12.3.1.170)
Requirement already satisfied: nvidia-cusparselt-cu12==0.6.2 in /users/kdm/juliuszl/.local/lib/python3.11/site-packages (from torch->-r requirements.txt (line 4)) (0.6.2)
Requirement already satisfied: nvidia-nccl-cu12==2.21.5 in /users/kdm/juliuszl/.local/lib/python3.11/site-packages (from torch->-r requirements.txt (line 4)) (2.21.5)
Requirement already satisfied: nvidia-nvtx-cu12==12.4.127 in /users/kdm/juliuszl/.local/lib/python3.11/site-packages (from torch->-r requirements.txt (line 4)) (12.4.127)
Requirement already satisfied: nvidia-nvjitlink-cu12==12.4.127 in /users/kdm/juliuszl/.local/lib/python3.11/site-packages (from torch->-r requirements.txt (line 4)) (12.4.127)
Requirement already satisfied: triton==3.2.0 in /users/kdm/juliuszl/.local/lib/python3.11/site-packages (from torch->-r requirements.txt (line 4)) (3.2.0)
Requirement already satisfied: sympy==1.13.1 in /users/kdm/juliuszl/.local/lib/python3.11/site-packages (from torch->-r requirements.txt (line 4)) (1.13.1)
Requirement already satisfied: mpmath<1.4,>=1.1.0 in /users/kdm/juliuszl/.local/lib/python3.11/site-packages (from sympy==1.13.1->torch->-r requirements.txt (line 4)) (1.3.0)
Requirement already satisfied: six>=1.5 in /users/kdm/juliuszl/.local/lib/python3.11/site-packages (from python-dateutil>=2.7->matplotlib->-r requirements.txt (line 2)) (1.17.0)
Requirement already satisfied: MarkupSafe>=2.0 in /users/kdm/juliuszl/.local/lib/python3.11/site-packages (from jinja2->torch->-r requirements.txt (line 4)) (3.0.2)

[notice] A new release of pip is available: 23.2.1 -> 25.0.1
[notice] To update, run: pip3 install --upgrade pip
/users/kdm/juliuszl/.local/lib/python3.11/site-packages/torchvision/models/_utils.py:208: UserWarning: The parameter 'pretrained' is deprecated since 0.13 and may be removed in the future, please use 'weights' instead.
  warnings.warn(
/users/kdm/juliuszl/.local/lib/python3.11/site-packages/torchvision/models/_utils.py:223: UserWarning: Arguments other than a weight enum or `None` for 'weights' are deprecated since 0.13 and may be removed in the future. The current behavior is equivalent to passing `weights=EfficientNet_B1_Weights.IMAGENET1K_V1`. You can also use `weights=EfficientNet_B1_Weights.DEFAULT` to get the most up-to-date weights.
  warnings.warn(msg)
Downloading: "https://download.pytorch.org/models/efficientnet_b1_rwightman-bac287d4.pth" to /users/kdm/juliuszl/.cache/torch/hub/checkpoints/efficientnet_b1_rwightman-bac287d4.pth

Configuration:
Selected cnn type: efficientnet-b1
Number of classes: 26
Path to dataset: ./maritime-flags-dataset/SMOTE_balanced_flags
Number of epochs: 100
Learning rate: 0.001
Batch size: 32

  0%|          | 0.00/30.1M [00:00<?, ?B/s]  3%|▎         | 896k/30.1M [00:00<00:03, 8.88MB/s] 37%|███▋      | 11.2M/30.1M [00:00<00:00, 66.8MB/s] 83%|████████▎ | 25.0M/30.1M [00:00<00:00, 101MB/s] 100%|██████████| 30.1M/30.1M [00:00<00:00, 92.1MB/s]
Epoch 1/100 - Training Loss: 0.2213
Validation Results:
  Accuracy: 0.9935
  Precision: 0.9937
  Recall: 0.9935
  F1-score: 0.9934

Per-Class Metrics:
  Class 0: Accuracy: 0.9300, Precision: 0.9894, Recall: 0.9300, F1-score: 0.9588
  Class 1: Accuracy: 0.9900, Precision: 0.9706, Recall: 0.9900, F1-score: 0.9802
  Class 2: Accuracy: 1.0000, Precision: 1.0000, Recall: 1.0000, F1-score: 1.0000
  Class 3: Accuracy: 0.9900, Precision: 1.0000, Recall: 0.9900, F1-score: 0.9950
  Class 4: Accuracy: 1.0000, Precision: 0.9901, Recall: 1.0000, F1-score: 0.9950
  Class 5: Accuracy: 1.0000, Precision: 1.0000, Recall: 1.0000, F1-score: 1.0000
  Class 6: Accuracy: 1.0000, Precision: 1.0000, Recall: 1.0000, F1-score: 1.0000
  Class 7: Accuracy: 1.0000, Precision: 1.0000, Recall: 1.0000, F1-score: 1.0000
  Class 8: Accuracy: 1.0000, Precision: 1.0000, Recall: 1.0000, F1-score: 1.0000
  Class 9: Accuracy: 1.0000, Precision: 1.0000, Recall: 1.0000, F1-score: 1.0000
  Class 10: Accuracy: 1.0000, Precision: 0.9901, Recall: 1.0000, F1-score: 0.9950
  Class 11: Accuracy: 1.0000, Precision: 1.0000, Recall: 1.0000, F1-score: 1.0000
  Class 12: Accuracy: 0.9200, Precision: 1.0000, Recall: 0.9200, F1-score: 0.9583
  Class 13: Accuracy: 1.0000, Precision: 1.0000, Recall: 1.0000, F1-score: 1.0000
  Class 14: Accuracy: 1.0000, Precision: 1.0000, Recall: 1.0000, F1-score: 1.0000
  Class 15: Accuracy: 1.0000, Precision: 1.0000, Recall: 1.0000, F1-score: 1.0000
  Class 16: Accuracy: 1.0000, Precision: 0.9709, Recall: 1.0000, F1-score: 0.9852
  Class 17: Accuracy: 1.0000, Precision: 1.0000, Recall: 1.0000, F1-score: 1.0000
  Class 18: Accuracy: 1.0000, Precision: 1.0000, Recall: 1.0000, F1-score: 1.0000
  Class 19: Accuracy: 1.0000, Precision: 1.0000, Recall: 1.0000, F1-score: 1.0000
  Class 20: Accuracy: 1.0000, Precision: 1.0000, Recall: 1.0000, F1-score: 1.0000
  Class 21: Accuracy: 1.0000, Precision: 1.0000, Recall: 1.0000, F1-score: 1.0000
  Class 22: Accuracy: 1.0000, Precision: 1.0000, Recall: 1.0000, F1-score: 1.0000
  Class 23: Accuracy: 1.0000, Precision: 0.9259, Recall: 1.0000, F1-score: 0.9615
  Class 24: Accuracy: 1.0000, Precision: 1.0000, Recall: 1.0000, F1-score: 1.0000
  Class 25: Accuracy: 1.0000, Precision: 1.0000, Recall: 1.0000, F1-score: 1.0000
Average: Accuracy: 0.9935, Precision: 0.9937, Recall: 0.9935, F1-Score: 1.0000

Best model saved with Accuracy: 0.9935
Epoch 2/100 - Training Loss: 0.0578
Validation Results:
  Accuracy: 0.9958
  Precision: 0.9958
  Recall: 0.9958
  F1-score: 0.9957

Per-Class Metrics:
  Class 0: Accuracy: 0.9900, Precision: 1.0000, Recall: 0.9900, F1-score: 0.9950
  Class 1: Accuracy: 1.0000, Precision: 1.0000, Recall: 1.0000, F1-score: 1.0000
  Class 2: Accuracy: 1.0000, Precision: 1.0000, Recall: 1.0000, F1-score: 1.0000
  Class 3: Accuracy: 0.9400, Precision: 0.9895, Recall: 0.9400, F1-score: 0.9641
  Class 4: Accuracy: 0.9900, Precision: 0.9900, Recall: 0.9900, F1-score: 0.9900
  Class 5: Accuracy: 1.0000, Precision: 1.0000, Recall: 1.0000, F1-score: 1.0000
  Class 6: Accuracy: 1.0000, Precision: 0.9709, Recall: 1.0000, F1-score: 0.9852
  Class 7: Accuracy: 1.0000, Precision: 1.0000, Recall: 1.0000, F1-score: 1.0000
  Class 8: Accuracy: 1.0000, Precision: 1.0000, Recall: 1.0000, F1-score: 1.0000
  Class 9: Accuracy: 0.9900, Precision: 1.0000, Recall: 0.9900, F1-score: 0.9950
  Class 10: Accuracy: 1.0000, Precision: 0.9901, Recall: 1.0000, F1-score: 0.9950
  Class 11: Accuracy: 1.0000, Precision: 0.9901, Recall: 1.0000, F1-score: 0.9950
  Class 12: Accuracy: 1.0000, Precision: 0.9901, Recall: 1.0000, F1-score: 0.9950
  Class 13: Accuracy: 1.0000, Precision: 1.0000, Recall: 1.0000, F1-score: 1.0000
  Class 14: Accuracy: 1.0000, Precision: 1.0000, Recall: 1.0000, F1-score: 1.0000
  Class 15: Accuracy: 1.0000, Precision: 1.0000, Recall: 1.0000, F1-score: 1.0000
  Class 16: Accuracy: 1.0000, Precision: 0.9901, Recall: 1.0000, F1-score: 0.9950
  Class 17: Accuracy: 1.0000, Precision: 1.0000, Recall: 1.0000, F1-score: 1.0000
  Class 18: Accuracy: 1.0000, Precision: 1.0000, Recall: 1.0000, F1-score: 1.0000
  Class 19: Accuracy: 1.0000, Precision: 0.9901, Recall: 1.0000, F1-score: 0.9950
  Class 20: Accuracy: 1.0000, Precision: 1.0000, Recall: 1.0000, F1-score: 1.0000
  Class 21: Accuracy: 1.0000, Precision: 1.0000, Recall: 1.0000, F1-score: 1.0000
  Class 22: Accuracy: 1.0000, Precision: 1.0000, Recall: 1.0000, F1-score: 1.0000
  Class 23: Accuracy: 0.9900, Precision: 0.9900, Recall: 0.9900, F1-score: 0.9900
  Class 24: Accuracy: 1.0000, Precision: 1.0000, Recall: 1.0000, F1-score: 1.0000
  Class 25: Accuracy: 0.9900, Precision: 1.0000, Recall: 0.9900, F1-score: 0.9950
Average: Accuracy: 0.9958, Precision: 0.9958, Recall: 0.9958, F1-Score: 0.9950

Best model saved with Accuracy: 0.9958
Epoch 3/100 - Training Loss: 0.0481
Validation Results:
  Accuracy: 0.9931
  Precision: 0.9936
  Recall: 0.9931
  F1-score: 0.9931

Per-Class Metrics:
  Class 0: Accuracy: 0.9800, Precision: 1.0000, Recall: 0.9800, F1-score: 0.9899
  Class 1: Accuracy: 1.0000, Precision: 0.9901, Recall: 1.0000, F1-score: 0.9950
  Class 2: Accuracy: 1.0000, Precision: 1.0000, Recall: 1.0000, F1-score: 1.0000
  Class 3: Accuracy: 0.9500, Precision: 1.0000, Recall: 0.9500, F1-score: 0.9744
  Class 4: Accuracy: 1.0000, Precision: 1.0000, Recall: 1.0000, F1-score: 1.0000
  Class 5: Accuracy: 1.0000, Precision: 1.0000, Recall: 1.0000, F1-score: 1.0000
  Class 6: Accuracy: 1.0000, Precision: 1.0000, Recall: 1.0000, F1-score: 1.0000
  Class 7: Accuracy: 1.0000, Precision: 1.0000, Recall: 1.0000, F1-score: 1.0000
  Class 8: Accuracy: 1.0000, Precision: 1.0000, Recall: 1.0000, F1-score: 1.0000
  Class 9: Accuracy: 1.0000, Precision: 1.0000, Recall: 1.0000, F1-score: 1.0000
  Class 10: Accuracy: 1.0000, Precision: 0.9615, Recall: 1.0000, F1-score: 0.9804
  Class 11: Accuracy: 1.0000, Precision: 1.0000, Recall: 1.0000, F1-score: 1.0000
  Class 12: Accuracy: 0.8900, Precision: 1.0000, Recall: 0.8900, F1-score: 0.9418
  Class 13: Accuracy: 1.0000, Precision: 1.0000, Recall: 1.0000, F1-score: 1.0000
  Class 14: Accuracy: 1.0000, Precision: 1.0000, Recall: 1.0000, F1-score: 1.0000
  Class 15: Accuracy: 1.0000, Precision: 1.0000, Recall: 1.0000, F1-score: 1.0000
  Class 16: Accuracy: 1.0000, Precision: 1.0000, Recall: 1.0000, F1-score: 1.0000
  Class 17: Accuracy: 1.0000, Precision: 1.0000, Recall: 1.0000, F1-score: 1.0000
  Class 18: Accuracy: 1.0000, Precision: 0.9804, Recall: 1.0000, F1-score: 0.9901
  Class 19: Accuracy: 1.0000, Precision: 1.0000, Recall: 1.0000, F1-score: 1.0000
  Class 20: Accuracy: 1.0000, Precision: 1.0000, Recall: 1.0000, F1-score: 1.0000
  Class 21: Accuracy: 1.0000, Precision: 1.0000, Recall: 1.0000, F1-score: 1.0000
  Class 22: Accuracy: 1.0000, Precision: 1.0000, Recall: 1.0000, F1-score: 1.0000
  Class 23: Accuracy: 1.0000, Precision: 0.9009, Recall: 1.0000, F1-score: 0.9479
  Class 24: Accuracy: 1.0000, Precision: 1.0000, Recall: 1.0000, F1-score: 1.0000
  Class 25: Accuracy: 1.0000, Precision: 1.0000, Recall: 1.0000, F1-score: 1.0000
Average: Accuracy: 0.9931, Precision: 0.9936, Recall: 0.9931, F1-Score: 1.0000

Epoch 4/100 - Training Loss: 0.0359
Validation Results:
  Accuracy: 0.9931
  Precision: 0.9933
  Recall: 0.9931
  F1-score: 0.9931

Per-Class Metrics:
  Class 0: Accuracy: 1.0000, Precision: 0.9901, Recall: 1.0000, F1-score: 0.9950
  Class 1: Accuracy: 1.0000, Precision: 1.0000, Recall: 1.0000, F1-score: 1.0000
  Class 2: Accuracy: 1.0000, Precision: 1.0000, Recall: 1.0000, F1-score: 1.0000
  Class 3: Accuracy: 0.9900, Precision: 1.0000, Recall: 0.9900, F1-score: 0.9950
  Class 4: Accuracy: 1.0000, Precision: 0.9615, Recall: 1.0000, F1-score: 0.9804
  Class 5: Accuracy: 0.9900, Precision: 1.0000, Recall: 0.9900, F1-score: 0.9950
  Class 6: Accuracy: 1.0000, Precision: 1.0000, Recall: 1.0000, F1-score: 1.0000
  Class 7: Accuracy: 0.9600, Precision: 1.0000, Recall: 0.9600, F1-score: 0.9796
  Class 8: Accuracy: 1.0000, Precision: 1.0000, Recall: 1.0000, F1-score: 1.0000
  Class 9: Accuracy: 1.0000, Precision: 1.0000, Recall: 1.0000, F1-score: 1.0000
  Class 10: Accuracy: 1.0000, Precision: 1.0000, Recall: 1.0000, F1-score: 1.0000
  Class 11: Accuracy: 0.9700, Precision: 1.0000, Recall: 0.9700, F1-score: 0.9848
  Class 12: Accuracy: 1.0000, Precision: 0.9901, Recall: 1.0000, F1-score: 0.9950
  Class 13: Accuracy: 1.0000, Precision: 1.0000, Recall: 1.0000, F1-score: 1.0000
  Class 14: Accuracy: 0.9400, Precision: 0.9895, Recall: 0.9400, F1-score: 0.9641
  Class 15: Accuracy: 1.0000, Precision: 1.0000, Recall: 1.0000, F1-score: 1.0000
  Class 16: Accuracy: 1.0000, Precision: 0.9434, Recall: 1.0000, F1-score: 0.9709
  Class 17: Accuracy: 1.0000, Precision: 1.0000, Recall: 1.0000, F1-score: 1.0000
  Class 18: Accuracy: 1.0000, Precision: 1.0000, Recall: 1.0000, F1-score: 1.0000
  Class 19: Accuracy: 1.0000, Precision: 1.0000, Recall: 1.0000, F1-score: 1.0000
  Class 20: Accuracy: 1.0000, Precision: 0.9615, Recall: 1.0000, F1-score: 0.9804
  Class 21: Accuracy: 1.0000, Precision: 1.0000, Recall: 1.0000, F1-score: 1.0000
  Class 22: Accuracy: 1.0000, Precision: 0.9901, Recall: 1.0000, F1-score: 0.9950
  Class 23: Accuracy: 0.9800, Precision: 1.0000, Recall: 0.9800, F1-score: 0.9899
  Class 24: Accuracy: 1.0000, Precision: 1.0000, Recall: 1.0000, F1-score: 1.0000
  Class 25: Accuracy: 0.9900, Precision: 1.0000, Recall: 0.9900, F1-score: 0.9950
Average: Accuracy: 0.9931, Precision: 0.9933, Recall: 0.9931, F1-Score: 0.9950

slurmstepd: error: *** JOB 15809211 ON gt0217 CANCELLED AT 2025-02-18T22:00:55 DUE TO TIME LIMIT ***
